C51 COMPILER V9.02   MAIN                                                                  02/26/2016 20:47:55 PAGE 1   


C51 COMPILER V9.02, COMPILATION OF MODULE MAIN
OBJECT MODULE PLACED IN .\Objects\main.obj
COMPILER INVOKED BY: C:\Keil_v5\C51\BIN\C51.EXE main.c OPTIMIZE(8,SPEED) BROWSE INCDIR(..\00-libfiles) DEBUG OBJECTEXTEN
                    -D PRINT(.\Listings\main.lst) TABS(2) OBJECT(.\Objects\main.obj)

line level    source

   1          /***************************************************************************************************
   2                                             ExploreEmbedded  
   3          ****************************************************************************************************
   4           * File:   keypad.c
   5           * Version: 16.0
   6           * Author: ExploreEmbedded
   7           * Website: http://www.exploreembedded.com/wiki
   8           * Description: The files contains the program to read the key pressed on 4x4 hex keypad and send it on UA
             -RT.
   9          
  10          The libraries have been tested on ExploreEmbedded development boards. We strongly believe that the 
  11          library works on any of development boards for respective controllers. However, ExploreEmbedded 
  12          disclaims any kind of hardware failure resulting out of usage of libraries, directly or indirectly.
  13          Files may be subject to change without prior notice. The revision history contains the information 
  14          related to updates. 
  15          
  16          
  17          GNU GENERAL PUBLIC LICENSE: 
  18              This program is free software: you can redistribute it and/or modify
  19              it under the terms of the GNU General Public License as published by
  20              the Free Software Foundation, either version 3 of the License, or
  21              (at your option) any later version.
  22          
  23              This program is distributed in the hope that it will be useful,
  24              but WITHOUT ANY WARRANTY; without even the implied warranty of
  25              MERCHANTABILITY or FITNESS FOR A PARTICULAR PURPOSE.  See the
  26              GNU General Public License for more details.
  27          
  28              You should have received a copy of the GNU General Public License
  29              along with this program.  If not, see <http://www.gnu.org/licenses/>.
  30          
  31          Errors and omissions should be reported to codelibraries@exploreembedded.com
  32          **************************************************************************************************/
  33          
  34          #include "keypad.h"
  35          #include "uart.h"
  36          
  37          
  38          int main() 
  39          {
  40   1          uint8_t key;
  41   1          UART_Init(9600);
  42   1          KEYPAD_Init(P2_0,P2_1,P2_2,P2_3,P2_4,P2_5,P2_6,P2_7);
  43   1          while (1) 
  44   1          {
  45   2              key = KEYPAD_GetKey();
  46   2              UART_Printf("\n\r Key:%c", key);
  47   2          }
  48   1      
  49   1          return (0);
  50   1      }
  51          


C51 COMPILER V9.02   MAIN                                                                  02/26/2016 20:47:55 PAGE 2   

MODULE INFORMATION:   STATIC OVERLAYABLE
   CODE SIZE        =     54    ----
   CONSTANT SIZE    =     10    ----
   XDATA SIZE       =   ----    ----
   PDATA SIZE       =   ----    ----
   DATA SIZE        =   ----       1
   IDATA SIZE       =   ----    ----
   BIT SIZE         =   ----    ----
END OF MODULE INFORMATION.


C51 COMPILATION COMPLETE.  0 WARNING(S),  0 ERROR(S)
