C51 COMPILER V9.02   MAIN                                                                  05/19/2016 11:28:56 PAGE 1   


C51 COMPILER V9.02, COMPILATION OF MODULE MAIN
OBJECT MODULE PLACED IN .\Objects\main.obj
COMPILER INVOKED BY: C:\Keil_v5\C51\BIN\C51.EXE main.c OPTIMIZE(8,SPEED) BROWSE INCDIR(..\00-libfiles) DEBUG OBJECTEXTEN
                    -D PRINT(.\Listings\main.lst) TABS(2) OBJECT(.\Objects\main.obj)

line level    source

   1          /***************************************************************************************************
   2                                             ExploreEmbedded
   3           ****************************************************************************************************
   4           * File:   main.c
   5           * Version: 16.0
   6           * Author: ExploreEmbedded
   7           * Website: http://www.exploreembedded.com/wiki
   8           * Description: File contains the sample program to demonstaracte the usage of 8051 timer library.
   9          
  10          
  11          The libraries have been tested on ExploreEmbedded development boards. We strongly believe that the
  12          library works on any of development boards for respective controllers. However, ExploreEmbedded
  13          disclaims any kind of hardware failure resulting out of usage of libraries, directly or indirectly.
  14          Files may be subject to change without prior notice. The revision history contains the information
  15          related to updates.
  16          
  17          
  18          GNU GENERAL PUBLIC LICENSE:
  19              This program is free software: you can redistribute it and/or modify
  20              it under the terms of the GNU General Public License as published by
  21              the Free Software Foundation, either version 3 of the License, or
  22              (at your option) any later version.
  23          
  24              This program is distributed in the hope that it will be useful,
  25              but WITHOUT ANY WARRANTY; without even the implied warranty of
  26              MERCHANTABILITY or FITNESS FOR A PARTICULAR PURPOSE.  See the
  27              GNU General Public License for more details.
  28          
  29              You should have received a copy of the GNU General Public License
  30              along with this program.  If not, see <http://www.gnu.org/licenses/>.
  31          
  32          Errors and omissions should be reported to codelibraries@exploreembedded.com
  33          **************************************************************************************************/
  34          
  35          
  36          #include <reg51.h>
  37          #include "timers.h" 
  38          
  39          
  40          volatile uint8_t value =0;
  41          
  42          void  myTimerIsr_0(void)
  43          {
  44   1          
  45   1           util_BitToggle(value,0);
  46   1      }
  47          
  48          void  myTimerIsr_1(void)
  49          {
  50   1          util_BitToggle(value,1);
  51   1      }
  52          
  53          void  myTimerIsr_2(void)
  54          {
C51 COMPILER V9.02   MAIN                                                                  05/19/2016 11:28:56 PAGE 2   

  55   1          util_BitToggle(value,2);
  56   1      }
  57          
  58          
  59          
  60          
  61          int main (void)
  62          {
  63   1          
  64   1          TIMER_Init(0,1000);                     /* Configure timer0 to generate 1ms(1000us) delay*/
  65   1          TIMER_AttachInterrupt(0,myTimerIsr_0);  /* myTimerIsr_0 will be called by TIMER2_ISR */
  66   1          TIMER_Start(0);
  67   1          
  68   1          TIMER_Init(1,2000);                     /* Configure timer1 to generate 2ms(2000us) delay*/
  69   1          TIMER_AttachInterrupt(1,myTimerIsr_1);  /* myTimerIsr_1 will be called by TIMER2_ISR */
  70   1          TIMER_Start(1);     
  71   1          
  72   1      
  73   1          TIMER_Init(2,4000);                     /* Configure timer2 to generate 4ms(4000us) delay*/
  74   1          TIMER_AttachInterrupt(2,myTimerIsr_2);  /* myTimerIsr_2 will be called by TIMER2_ISR */
  75   1          TIMER_Start(2);
  76   1      
  77   1          EnableGlobalInterrupts();
  78   1      
  79   1      
  80   1          while(1)
  81   1          {        
  82   2              P2 = value;        
  83   2          }
  84   1      }
  85          
  86          


MODULE INFORMATION:   STATIC OVERLAYABLE
   CODE SIZE        =    114    ----
   CONSTANT SIZE    =   ----    ----
   XDATA SIZE       =   ----    ----
   PDATA SIZE       =   ----    ----
   DATA SIZE        =      1    ----
   IDATA SIZE       =   ----    ----
   BIT SIZE         =   ----    ----
END OF MODULE INFORMATION.


C51 COMPILATION COMPLETE.  0 WARNING(S),  0 ERROR(S)
