C51 COMPILER V9.02   MAIN                                                                  08/13/2016 11:50:30 PAGE 1   


C51 COMPILER V9.02, COMPILATION OF MODULE MAIN
OBJECT MODULE PLACED IN main.OBJ
COMPILER INVOKED BY: C:\Keil_v5\C51\BIN\C51.EXE main.c BROWSE INCDIR(..\00-libfiles) DEBUG OBJECTEXTEND

line level    source

   1          /***************************************************************************************************
   2                                                        ExploreEmbedded Copyright Notice 
   3           ****************************************************************************************************
   4           * File:   main.c
   5           * Version: 16.0
   6           * Author: ExploreEmbedded
   7           * Website: http://www.exploreembedded.com/wiki
   8           * Description: Sample program to decode NEC IR Remote and turn ON/OFF the bulb.
   9          
  10          This code has been developed and tested on ExploreEmbedded boards.  
  11          We strongly believe that the library works on any of development boards for respective controllers. 
  12          Check this link http://www.exploreembedded.com/wiki for awesome tutorials on 8051,PIC,AVR,ARM,Robotics,RTO
             -S,IOT.
  13          ExploreEmbedded invests substantial time and effort developing open source HW and SW tools, to support con
             -sider 
  14          buying the ExploreEmbedded boards.
  15          
  16          The ExploreEmbedded libraries and examples are licensed under the terms of the new-bsd license(two-clause 
             -bsd license).
  17          See also: http://www.opensource.org/licenses/bsd-license.php
  18          EXPLOREEMBEDDED DISCLAIMS ANY KIND OF HARDWARE FAILURE RESULTING OUT OF USAGE OF LIBRARIES, DIRECTLY OR
  19          INDIRECTLY. FILES MAY BE SUBJECT TO CHANGE WITHOUT PRIOR NOTICE. THE REVISION HISTORY CONTAINS THE INFORMA
             -TION 
  20          RELATED TO UPDATES.
  21          
  22          Permission to use, copy, modify, and distribute this software and its documentation for any purpose
  23          and without fee is hereby granted, provided that this copyright notices appear in all copies 
  24          and that both those copyright notices and this permission notice appear in supporting documentation.
  25           **************************************************************************************************/ 
  26          
  27          #include <reg51.h>
  28          #include "stdutils.h"
  29          #include "nec_ir.h"
  30          
  31          sbit RELAY_PIN = P0^0;
  32          
  33          void main()
  34          {
  35   1          uint32_t key;
  36   1              RELAY_PIN = 0;    // Turn OFF the relay during Init
  37   1          IR_RemoteInit();  // Initialtile the INTO and Timer0 for decoding the IR pulses
  38   1      
  39   1          while(1)
  40   1          {
  41   2              key = IR_RemoteGetKey();  // Read the key press, it returns key code if key press is detected, els
             -e it returns 0
  42   2      
  43   2              switch(key)
  44   2              {
  45   3              case IR_CODE_1: RELAY_PIN = 1; break; /* Turn On Relay(Bulb) if 1 is pressed*/
  46   3              case IR_CODE_0: RELAY_PIN = 0; break; /* Turn OFF Relay(Bulb) if 0 is pressed*/
  47   3              default: break;
  48   3              }
  49   2          }           
  50   1      }         
C51 COMPILER V9.02   MAIN                                                                  08/13/2016 11:50:30 PAGE 2   



MODULE INFORMATION:   STATIC OVERLAYABLE
   CODE SIZE        =     43    ----
   CONSTANT SIZE    =   ----    ----
   XDATA SIZE       =   ----    ----
   PDATA SIZE       =   ----    ----
   DATA SIZE        =   ----       4
   IDATA SIZE       =   ----    ----
   BIT SIZE         =   ----    ----
END OF MODULE INFORMATION.


C51 COMPILATION COMPLETE.  0 WARNING(S),  0 ERROR(S)
