C51 COMPILER V9.02   MAIN                                                                  08/10/2016 13:31:34 PAGE 1   


C51 COMPILER V9.02, COMPILATION OF MODULE MAIN
OBJECT MODULE PLACED IN main.OBJ
COMPILER INVOKED BY: C:\Keil_v5\C51\BIN\C51.EXE main.c BROWSE INCDIR(..\00-libfiles)

line level    source

   1          /***************************************************************************************************
   2                                              ExploreEmbedded Copyright Notice    
   3          *****************************************************************************************************
   4           * File:   main.c
   5           * Version: 16.0
   6           * Author: ExploreEmbedded
   7           * Website: http://www.exploreembedded.com/wiki
   8           * Description: File contains the example code to display logos on OLED using 8051.
   9           * Note: The logos are just for demo purpose and all rights pertaining to these belong to the respective o
             -wners.
  10          
  11          This code has been developed and tested on ExploreEmbedded boards.  
  12          We strongly believe that the library works on any of development boards for respective controllers. 
  13          Check this link http://www.exploreembedded.com/wiki for awesome tutorials on 8051,PIC,AVR,ARM,Robotics,RTO
             -S,IOT.
  14          ExploreEmbedded invests substantial time and effort developing open source HW and SW tools, to support con
             -sider buying the ExploreEmbedded boards.
  15           
  16          The ExploreEmbedded libraries and examples are licensed under the terms of the new-bsd license(two-clause 
             -bsd license).
  17          See also: http://www.opensource.org/licenses/bsd-license.php
  18          
  19          EXPLOREEMBEDDED DISCLAIMS ANY KIND OF HARDWARE FAILURE RESULTING OUT OF USAGE OF LIBRARIES, DIRECTLY OR
  20          INDIRECTLY. FILES MAY BE SUBJECT TO CHANGE WITHOUT PRIOR NOTICE. THE REVISION HISTORY CONTAINS THE INFORMA
             -TION 
  21          RELATED TO UPDATES.
  22           
  23          
  24          Permission to use, copy, modify, and distribute this software and its documentation for any purpose
  25          and without fee is hereby granted, provided that this copyright notices appear in all copies 
  26          and that both those copyright notices and this permission notice appear in supporting documentation.
  27          ***************************************************************************************************/
  28          #include "oled_i2c.h"   
  29          
  30          code char IPL_Logo [] = {
  31          0x00, 0x00, 0x00, 0x00, 0x00, 0x00, 0x00, 0x00, 0x00, 0x00, 0x00, 0x00, 0x00, 0x00, 0x00, 0x00,
  32          0x00, 0x00, 0x00, 0x00, 0x00, 0x00, 0x00, 0x80, 0x80, 0xC0, 0xC0, 0xC0, 0xC0, 0xC0, 0xC0, 0xC0,
  33          0xC0, 0xC0, 0x80, 0x80, 0x00, 0x00, 0x00, 0x00, 0x00, 0x00, 0x00, 0x00, 0x00, 0x00, 0x00, 0x00,
  34          0x00, 0x00, 0x00, 0x00, 0x00, 0x00, 0x00, 0x00, 0x00, 0x00, 0x00, 0x00, 0x00, 0x00, 0x00, 0x00,
  35          0x00, 0x00, 0x00, 0x00, 0x00, 0x00, 0x00, 0x00, 0x00, 0x00, 0x00, 0x00, 0x00, 0x00, 0x00, 0x00,
  36          0x00, 0x00, 0x00, 0x00, 0x00, 0x00, 0x00, 0x00, 0x00, 0x00, 0x00, 0x00, 0x00, 0x00, 0x00, 0x00,
  37          0x00, 0x00, 0x00, 0x00, 0x00, 0x00, 0x00, 0x00, 0x00, 0x00, 0x00, 0x00, 0x00, 0x00, 0x00, 0x00,
  38          0x00, 0x00, 0x00, 0x00, 0x00, 0x00, 0x00, 0x00, 0x00, 0x00, 0x00, 0x00, 0x00, 0x00, 0x00, 0x00,
  39          0x00, 0x00, 0x00, 0x00, 0x00, 0x00, 0x80, 0x00, 0x00, 0x00, 0x00, 0x80, 0x80, 0x80, 0x80, 0x80,
  40          0x88, 0x84, 0xC4, 0x42, 0x43, 0x41, 0x41, 0x41, 0x80, 0x00, 0x40, 0x80, 0x00, 0x00, 0x20, 0x01,
  41          0x01, 0x03, 0x03, 0x07, 0x1F, 0x3E, 0xFC, 0xF8, 0x80, 0x00, 0x00, 0x00, 0x00, 0x00, 0x00, 0x00,
  42          0x00, 0x80, 0x80, 0x80, 0x00, 0x00, 0x00, 0x80, 0x80, 0x80, 0x00, 0x00, 0x00, 0x00, 0x00, 0x80,
  43          0x80, 0x00, 0x00, 0x00, 0x80, 0x80, 0x80, 0x80, 0x80, 0x80, 0x80, 0x80, 0x80, 0x00, 0x00, 0x00,
  44          0x00, 0x80, 0x80, 0x80, 0x00, 0x00, 0x00, 0x00, 0x00, 0x00, 0x00, 0x80, 0x80, 0x00, 0x00, 0x00,
  45          0x00, 0x00, 0x00, 0x80, 0x80, 0x80, 0x00, 0x00, 0x00, 0x00, 0x00, 0x00, 0x80, 0x80, 0x00, 0x00,
  46          0x00, 0x00, 0x00, 0x00, 0x00, 0x00, 0x00, 0x00, 0x00, 0x00, 0x00, 0x00, 0x00, 0x00, 0x00, 0x00,
  47          0x00, 0x00, 0x00, 0x00, 0x00, 0x00, 0x01, 0x01, 0x01, 0x09, 0x01, 0x01, 0x01, 0x00, 0x00, 0x38,
  48          0x7C, 0x7C, 0xFC, 0x7C, 0xF8, 0xF0, 0x00, 0xC0, 0xE0, 0xF8, 0xFF, 0x7F, 0x1E, 0x02, 0x00, 0x00,
  49          0x00, 0x00, 0x00, 0x00, 0x00, 0x00, 0xC1, 0x7F, 0x03, 0x00, 0x00, 0x00, 0x00, 0x00, 0x00, 0x00,
  50          0x00, 0xFF, 0xFF, 0xFF, 0x00, 0x00, 0x00, 0xFF, 0x07, 0x0F, 0x1F, 0x3E, 0x7C, 0xF8, 0xF0, 0xE0,
C51 COMPILER V9.02   MAIN                                                                  08/10/2016 13:31:34 PAGE 2   

  51          0xFF, 0x00, 0x00, 0x00, 0xFF, 0xFF, 0xFF, 0x00, 0x00, 0x00, 0x01, 0x83, 0xFF, 0xFF, 0x7E, 0x00,
  52          0x00, 0xFF, 0xFF, 0xFF, 0x00, 0x00, 0x00, 0xC0, 0xF0, 0x7C, 0x47, 0x47, 0x7F, 0xFF, 0xF8, 0xE0,
  53          0x80, 0x00, 0x00, 0xFF, 0xFF, 0x07, 0x0F, 0x1E, 0x3C, 0x78, 0xF0, 0xE0, 0xFF, 0xFF, 0x00, 0x00,
  54          0x00, 0x00, 0x00, 0x00, 0x00, 0x00, 0x00, 0x00, 0x00, 0x00, 0x00, 0x00, 0x00, 0x00, 0x00, 0x00,
  55          0x00, 0x00, 0x00, 0x00, 0x00, 0x00, 0x00, 0x00, 0x00, 0x00, 0x00, 0x00, 0x00, 0x00, 0x00, 0x00,
  56          0x00, 0x03, 0x1F, 0x3F, 0x3F, 0x7F, 0xFF, 0xFF, 0xFF, 0xFF, 0xFC, 0xF8, 0xF0, 0xE0, 0xC0, 0x00,
  57          0x00, 0x00, 0x80, 0x20, 0x10, 0x06, 0x03, 0x00, 0x00, 0x00, 0x00, 0x00, 0x00, 0x00, 0x00, 0x00,
  58          0x00, 0xE3, 0xE3, 0xE3, 0x20, 0x20, 0xE0, 0xE3, 0xC3, 0x80, 0x00, 0x00, 0xE0, 0xE0, 0xE1, 0x23,
  59          0x63, 0xE0, 0xE0, 0xC0, 0x83, 0x03, 0x03, 0xE2, 0xE2, 0xE2, 0x23, 0x21, 0x21, 0x20, 0x00, 0x00,
  60          0x00, 0xE3, 0xE3, 0xE3, 0xC0, 0x00, 0x03, 0x03, 0x00, 0x00, 0x80, 0xE0, 0xE0, 0xE0, 0x03, 0x03,
  61          0x03, 0xE2, 0xE0, 0xE3, 0xE3, 0x00, 0x00, 0xE0, 0xE0, 0xE0, 0x20, 0x21, 0x23, 0x23, 0x00, 0x00,
  62          0x00, 0xE0, 0xE0, 0xE0, 0x20, 0x60, 0xE0, 0xE0, 0xC0, 0x80, 0x00, 0x00, 0x00, 0x00, 0x00, 0x00,
  63          0x00, 0x00, 0x00, 0x00, 0x00, 0x00, 0x00, 0x00, 0x00, 0x00, 0x00, 0x00, 0x00, 0x00, 0x00, 0x00,
  64          0x00, 0x00, 0x00, 0x00, 0x00, 0x00, 0x00, 0x01, 0x03, 0x0F, 0x7F, 0xFF, 0xFF, 0xFF, 0xFF, 0xFF,
  65          0xFE, 0xFF, 0xF8, 0xF0, 0xE0, 0xE0, 0x80, 0x00, 0x00, 0x00, 0x00, 0x00, 0x00, 0x00, 0x00, 0x00,
  66          0x00, 0xFF, 0xFF, 0xFF, 0x00, 0x04, 0x07, 0x07, 0x03, 0x00, 0x00, 0x00, 0xFF, 0xFF, 0xFF, 0x08,
  67          0x3C, 0x7F, 0xF7, 0xE3, 0xC1, 0x80, 0x00, 0xFF, 0xFF, 0xFF, 0xC6, 0x84, 0x84, 0xC4, 0xC0, 0x00,
  68          0xC0, 0xFF, 0x03, 0x07, 0x1F, 0x7F, 0xFC, 0xF0, 0x78, 0x0E, 0x03, 0x03, 0xFF, 0xFF, 0xFC, 0x00,
  69          0x00, 0xFF, 0xFF, 0xFF, 0xE0, 0x00, 0x00, 0xFF, 0xFF, 0xFF, 0xC4, 0x84, 0x84, 0xC4, 0xC0, 0x00,
  70          0x00, 0xFF, 0xFF, 0xFF, 0x08, 0x3C, 0x7F, 0xF7, 0xE3, 0xC1, 0x80, 0x00, 0x00, 0x00, 0x00, 0x00,
  71          0x00, 0x00, 0x00, 0x00, 0x00, 0x00, 0x00, 0x00, 0x00, 0x00, 0x00, 0x00, 0x00, 0x00, 0x00, 0x00,
  72          0x00, 0x00, 0x00, 0x00, 0x00, 0x00, 0x00, 0x00, 0x00, 0x00, 0x00, 0xEF, 0xFF, 0xFF, 0xFF, 0xFF,
  73          0xFF, 0xFF, 0xFF, 0xFF, 0xFF, 0xFF, 0x7F, 0x5E, 0x28, 0x00, 0x00, 0x00, 0x00, 0x00, 0x00, 0x00,
  74          0x00, 0xF8, 0xF8, 0xF8, 0x00, 0x00, 0x00, 0x00, 0x00, 0x00, 0x18, 0xF8, 0xF8, 0xF8, 0x08, 0x08,
  75          0x08, 0x00, 0x00, 0x00, 0x00, 0x00, 0x80, 0x70, 0x38, 0xF8, 0xF8, 0xC0, 0x00, 0x00, 0x00, 0x00,
  76          0xE0, 0xF0, 0xF0, 0x18, 0x08, 0x08, 0x08, 0x08, 0x08, 0x18, 0x00, 0x00, 0x00, 0xF8, 0xF8, 0xF8,
  77          0x00, 0x00, 0x00, 0x00, 0x00, 0x38, 0xF8, 0x00, 0x00, 0x00, 0xF8, 0xF8, 0xF8, 0x08, 0x08, 0x08,
  78          0x08, 0x00, 0x00, 0x00, 0x00, 0x00, 0x00, 0x00, 0x00, 0x00, 0x00, 0x00, 0x00, 0x00, 0x00, 0x00,
  79          0x00, 0x00, 0x00, 0x00, 0x00, 0x00, 0x00, 0x00, 0x00, 0x00, 0x00, 0x00, 0x00, 0x00, 0x00, 0x00,
  80          0x00, 0x00, 0x00, 0x00, 0x80, 0xC0, 0xE0, 0xF0, 0xFC, 0xFE, 0x7F, 0x7F, 0xBF, 0xBF, 0x3F, 0x1F,
  81          0x0F, 0x07, 0x03, 0x03, 0x01, 0x00, 0x00, 0x00, 0x00, 0x00, 0x00, 0x00, 0x00, 0x00, 0x00, 0x00,
  82          0x00, 0x3F, 0x3F, 0x3F, 0x30, 0x20, 0x20, 0x30, 0x30, 0x00, 0x38, 0x3F, 0x3F, 0x3F, 0x21, 0x21,
  83          0x31, 0x30, 0x00, 0x20, 0x38, 0x1E, 0x07, 0x06, 0x06, 0x07, 0x07, 0x1F, 0x3F, 0x3C, 0x30, 0x01,
  84          0x0F, 0x1F, 0x1F, 0x38, 0x30, 0x20, 0x20, 0x36, 0x3E, 0x3E, 0x02, 0x00, 0x00, 0x0F, 0x1F, 0x3F,
  85          0x30, 0x20, 0x20, 0x20, 0x30, 0x1C, 0x0F, 0x00, 0x00, 0x00, 0x3F, 0x3F, 0x3F, 0x21, 0x21, 0x31,
  86          0x30, 0x00, 0x00, 0x00, 0x00, 0x00, 0x00, 0x00, 0x00, 0x00, 0x00, 0x00, 0x00, 0x00, 0x00, 0x00,
  87          0x00, 0x00, 0x00, 0x00, 0x00, 0x00, 0x00, 0x00, 0x00, 0x00, 0x00, 0x00, 0x00, 0x00, 0x00, 0x00,
  88          0x00, 0x00, 0x00, 0x07, 0x05, 0x01, 0x01, 0x07, 0x01, 0x00, 0x00, 0x00, 0x00, 0x00, 0x00, 0x00,
  89          0x00, 0x00, 0x00, 0x00, 0x00, 0x00, 0x00, 0x00, 0x00, 0x00, 0x00, 0x00, 0x00, 0x00, 0x00, 0x00,
  90          0x00, 0x00, 0x00, 0x00, 0x00, 0x00, 0x00, 0x00, 0x00, 0x00, 0x00, 0x00, 0x00, 0x00, 0x00, 0x00,
  91          0x00, 0x00, 0x00, 0x00, 0x00, 0x00, 0x00, 0x00, 0x00, 0x00, 0x00, 0x00, 0x00, 0x00, 0x00, 0x00,
  92          0x00, 0x00, 0x00, 0x00, 0x00, 0x00, 0x00, 0x00, 0x00, 0x00, 0x00, 0x00, 0x00, 0x00, 0x00, 0x00,
  93          0x00, 0x00, 0x00, 0x00, 0x00, 0x00, 0x00, 0x00, 0x00, 0x00, 0x00, 0x00, 0x00, 0x00, 0x00, 0x00,
  94          0x00, 0x00, 0x00, 0x00, 0x00, 0x00, 0x00, 0x00, 0x00, 0x00, 0x00, 0x00, 0x00, 0x00, 0x00, 0x00
  95          };
  96          
  97          /* start the main program */
  98          void main() 
  99          {
 100   1          OLED_Init();
 101   1          OLED_DisplayLogo(IPL_Logo);
 102   1      
 103   1          while(1);
 104   1      }


MODULE INFORMATION:   STATIC OVERLAYABLE
   CODE SIZE        =     14    ----
   CONSTANT SIZE    =   1024    ----
   XDATA SIZE       =   ----    ----
   PDATA SIZE       =   ----    ----
   DATA SIZE        =   ----    ----
C51 COMPILER V9.02   MAIN                                                                  08/10/2016 13:31:34 PAGE 3   

   IDATA SIZE       =   ----    ----
   BIT SIZE         =   ----    ----
END OF MODULE INFORMATION.


C51 COMPILATION COMPLETE.  0 WARNING(S),  0 ERROR(S)
