C51 COMPILER V9.02   MAIN                                                                  08/10/2016 11:20:35 PAGE 1   


C51 COMPILER V9.02, COMPILATION OF MODULE MAIN
OBJECT MODULE PLACED IN main.OBJ
COMPILER INVOKED BY: C:\Keil_v5\C51\BIN\C51.EXE main.c BROWSE INCDIR(..\00-libfiles) DEBUG OBJECTEXTEND

line level    source

   1          /***************************************************************************************************
   2                                             ExploreEmbedded Copyright Notice 
   3           ****************************************************************************************************
   4           * File:   oled_i2c.c
   5           * Version: 16.0
   6           * Author: ExploreEmbedded
   7           * Website: http://www.exploreembedded.com/wiki
   8           * Description: SSD1306 I2C OLED library to display strings, numbers, graphs and logos
   9          
  10          This code has been developed and tested on ExploreEmbedded boards.  
  11          We strongly believe that the library works on any of development boards for respective controllers. 
  12          Check this link http://www.exploreembedded.com/wiki for awesome tutorials on 8051,PIC,AVR,ARM,Robotics,RTO
             -S,IOT.
  13          ExploreEmbedded invests substantial time and effort developing open source HW and SW tools, to support con
             -sider 
  14          buying the ExploreEmbedded boards.
  15          
  16          The ExploreEmbedded libraries and examples are licensed under the terms of the new-bsd license(two-clause 
             -bsd license).
  17          See also: http://www.opensource.org/licenses/bsd-license.php
  18          EXPLOREEMBEDDED DISCLAIMS ANY KIND OF HARDWARE FAILURE RESULTING OUT OF USAGE OF LIBRARIES, DIRECTLY OR
  19          INDIRECTLY. FILES MAY BE SUBJECT TO CHANGE WITHOUT PRIOR NOTICE. THE REVISION HISTORY CONTAINS THE INFORMA
             -TION 
  20          RELATED TO UPDATES.
  21          
  22          Permission to use, copy, modify, and distribute this software and its documentation for any purpose
  23          and without fee is hereby granted, provided that this copyright notices appear in all copies 
  24          and that both those copyright notices and this permission notice appear in supporting documentation.
  25           **************************************************************************************************/ 
  26          #include "oled_i2c.h"
  27          
  28          int main()
  29          {                
  30   1          OLED_Init();                  // Check oled_i2c.c file for SCL,SDA pin connection
  31   1          OLED_SetCursor(2,0);  //Set cursor at 2nd-line 0th-Position
  32   1          OLED_DisplayString("Oled Interface");       
  33   1          
  34   1          OLED_SetCursor(4,20); //Set cursor at 4th-line 20th-Position
  35   1          OLED_DisplayString("With 8051 From");
  36   1          
  37   1          OLED_SetCursor(6,30); //Set cursor at 6th-line 30th-Position
  38   1          OLED_DisplayString("Exploreembedded");    
  39   1      
  40   1          while(1);
  41   1      }


MODULE INFORMATION:   STATIC OVERLAYABLE
   CODE SIZE        =     53    ----
   CONSTANT SIZE    =     46    ----
   XDATA SIZE       =   ----    ----
   PDATA SIZE       =   ----    ----
   DATA SIZE        =   ----    ----
   IDATA SIZE       =   ----    ----
   BIT SIZE         =   ----    ----
C51 COMPILER V9.02   MAIN                                                                  08/10/2016 11:20:35 PAGE 2   

END OF MODULE INFORMATION.


C51 COMPILATION COMPLETE.  0 WARNING(S),  0 ERROR(S)
